        -:    0:Source:parte3/parte3.c
        -:    0:Graph:parte3/parte3.gcno
        -:    0:Data:parte3/parte3.gcda
        -:    0:Runs:2
        -:    1:#include <stdio.h>
        -:    2:#include <stdlib.h>
        -:    3:#include "../tipos.h"
        -:    4:#include "../parte2/parte2.h"
        -:    5:#include <ctype.h>
        -:    6:
        -:    7:// Função que dada uma tabela a percorre por ordem de linhas e colunas até encontrar o primeiro elemento que não estiver riscado, o qual vai ser utilizado para o bfs e devolve esse elemento como uma coordenada
       14:    8:COORDENADA devolvePrimeroNRiscado(TABELA t)
        -:    9:{
       14:   10:    int i = 0;
       20:   11:    while (i < (t->c * t->l) && t->tabela[i / t->c][i % t->c] == '#')
        6:   12:        i++;
       14:   13:    if (i >= t->c * t->l)
        -:   14:        return NULL;
       14:   15:    COORDENADA pos = malloc(sizeof(struct Coordenada));
       14:   16:    pos->l = i / t->c;
       14:   17:    pos->c = i % t->c;
       14:   18:    return pos;
        -:   19:}
        -:   20:
        -:   21:// Função que inicializa o array de visitados com 0 exceto nas casas que estão riscas (0 -> não visitado, 1 -> visitado)
       16:   22:int **initVisited(TABELA t, int *count) // Count conta o número de casas visitadas
        -:   23:{
       16:   24:    int **visited = malloc(sizeof(int *) * t->l);
       60:   25:    for (int i = 0; i < t->l; i++)
        -:   26:    {
       44:   27:        visited[i] = malloc(sizeof(int) * t->c);
      168:   28:        for (int j = 0; j < t->c; j++)
      124:   29:            if (t->tabela[i][j] == '#')
        -:   30:            {
       18:   31:                visited[i][j] = 1;
       18:   32:                (*count)++; // Atualiza o número de casas visitadas
        -:   33:            }
        -:   34:            else
      106:   35:                visited[i][j] = 0;
        -:   36:    }
       16:   37:    return visited;
        -:   38:}
        -:   39:
       18:   40:void initQueue(CQUEUE q)
        -:   41:{
       18:   42:    q->capacidade = 3;
       18:   43:    q->tamanho = 0;
       18:   44:    q->front = 0;
       18:   45:    q->list = malloc(sizeof(COORDENADA) * q->capacidade);
       18:   46:}
        -:   47:
        -:   48:// Função responsável por inserir um array de coordenadas na queue
       94:   49:int insertQueue(CQUEUE q, COORDENADA *coordenadas, int coordSize)
        -:   50:{
       94:   51:    if (coordSize < 1)
        -:   52:        return 1;
       56:   53:    int tam = q->tamanho + coordSize;
       56:   54:    if (tam >= q->capacidade)
        -:   55:    {
        -:   56:        int oldCapacity = q->capacidade;
       12:   57:        while (tam >= q->capacidade)
        6:   58:            q->capacidade = q->capacidade == 0 ? 1 : q->capacidade * 2; // aumenta a capacidade até ter espaço para os novos elementos
        6:   59:        COORDENADA *temp = realloc(q->list, sizeof(COORDENADA) * q->capacidade);
        6:   60:        if (temp == NULL)
        -:   61:        {
        -:   62:            return 0;
        -:   63:        }
        6:   64:        q->list = temp;
        6:   65:        int end = q->front + q->tamanho;
        6:   66:        if (end > oldCapacity)
    #####:   67:            for (int i = 0; i < end % oldCapacity; i++)
    #####:   68:                q->list[i + oldCapacity] = q->list[i]; // volta a colocar a queue direita
        -:   69:    }
      138:   70:    for (int i = 0; i < coordSize; i++)
        -:   71:    {
       82:   72:        q->list[(q->front + q->tamanho) % q->capacidade] = coordenadas[i];
       82:   73:        q->tamanho++;
        -:   74:    }
        -:   75:    return 1;
        -:   76:}
        -:   77:
        -:   78:// Função que remove o elemento da frente da queue
       78:   79:void deleteQueue(CQUEUE q, COORDENADA *pos)
        -:   80:{
       78:   81:    if (q->tamanho == 0)
        -:   82:        return;
        -:   83:    // retira o elemento da frente, mas não o free — é mais tarde na existeCaminhoOrtogonal
       78:   84:    COORDENADA temp = q->list[q->front];
       78:   85:    *pos = temp;
       78:   86:    q->list[q->front] = NULL;
       78:   87:    q->front = (q->front + 1) % q->capacidade;
       78:   88:    q->tamanho--;
        -:   89:}
        -:   90:
        -:   91:// Função que dado uma lista de visitados devolve um array com as posições que não foram visitadas
        4:   92:COORDENADA *devolveNaoVisitados(int **visited, int l, int c, int length)
        -:   93:{
        4:   94:    COORDENADA *naoVisitados = malloc(sizeof(COORDENADA) * length);
        4:   95:    int cont = 0;
       14:   96:    for (int i = 0; i < l; i++)
        -:   97:    {
       36:   98:        for (int j = 0; j < c; j++)
        -:   99:        {
       26:  100:            if (visited[i][j] == 0)
        -:  101:            {
       14:  102:                COORDENADA pos = malloc(sizeof(struct Coordenada));
       14:  103:                pos->l = i;
       14:  104:                pos->c = j;
       14:  105:                naoVisitados[cont++] = pos;
        -:  106:            }
        -:  107:        }
        -:  108:    }
        4:  109:    return naoVisitados;
        -:  110:}
        -:  111:
        -:  112:// Algoritmo de procura em largura
       14:  113:int existeCaminhoOrtogonal(CQUEUE q, TABELA t, int **visited, int *count)
        -:  114:{
       14:  115:    int direcoes[4][2] = {
        -:  116:        {-1, 0}, // Cima
        -:  117:        {1, 0},  // Baixo
        -:  118:        {0, -1}, // Esquerda
        -:  119:        {0, 1}   // Direita
        -:  120:    };
       90:  121:    while (q->tamanho > 0)
        -:  122:    {
       76:  123:        COORDENADA atual = NULL;
       76:  124:        deleteQueue(q, &atual); // passa o endereço de 'atual' (COORDENADA*) -> e pegamos no elemento que esta na frente da fila
        -:  125:
       76:  126:        visited[atual->l][atual->c] = 1; // Visitamos a atual;
       76:  127:        (*count)++;
       76:  128:        int numeroVizinhosValidos = 0;
       76:  129:        COORDENADA *vizinhos = malloc(4 * sizeof(COORDENADA)); // no máximo existem 4 vizinhos válidos
      380:  130:        for (int i = 0; i < 4; i++)
        -:  131:        {
      304:  132:            int linha = direcoes[i][0] + atual->l;
      304:  133:            int coluna = direcoes[i][1] + atual->c;
        -:  134:
      304:  135:            if (dentroDosLimites(t, linha, coluna) && visited[linha][coluna] == 0)
        -:  136:            {
       62:  137:                COORDENADA pos = malloc(sizeof(struct Coordenada));
       62:  138:                pos->l = linha;
       62:  139:                pos->c = coluna;
       62:  140:                vizinhos[numeroVizinhosValidos] = pos;
       62:  141:                visited[linha][coluna] = 1; // Tenho que marcar aqui para que nas proximas iterações ja se saiba que esta já esta na queue não voltar a entrar
       62:  142:                numeroVizinhosValidos++;
        -:  143:            }
        -:  144:        }
       76:  145:        insertQueue(q, vizinhos, numeroVizinhosValidos); // já trata do caso de não ter qualquer elemento
       76:  146:        free(atual);
       76:  147:        free(vizinhos);
        -:  148:    }
       14:  149:    if (*count == t->c * t->l)
       10:  150:        return 1;
        -:  151:    return 0;
        -:  152:}
        -:  153:
        4:  154:void escreveInexistenciaCaminho(bool *temRestricoes, bool escreve, int *contaRestricoes, TABELA t, int **visited, int colunaI, int linhaI, int count)
        -:  155:{
        4:  156:    *temRestricoes = true;
        4:  157:    if (escreve)
        -:  158:    {
    #####:  159:        printf("\n---- Restrição nº %d ----\n", *contaRestricoes + 1);
    #####:  160:        printf("Não existe um caminho ortogonal entre todas as casas que não estão riscadas\n");
        -:  161:    }
        4:  162:    (*contaRestricoes)++;
        4:  163:    int length = t->c * t->l - count;
        4:  164:    COORDENADA *naoVisitados = devolveNaoVisitados(visited, t->l, t->c, length);
        4:  165:    if (escreve)
    #####:  166:        printf("Por exemplo, começando da casa (%c%d) não existe um caminho ortogonal que passe nas casas:\n", colunaI + 'a', linhaI + 1);
       18:  167:    for (int i = 0; i < length; i++)
        -:  168:    {
       14:  169:        if (escreve)
    #####:  170:            printf("  - Coluna: %c, Linha: %d\n", naoVisitados[i]->c + 'a', naoVisitados[i]->l + 1);
       14:  171:        free(naoVisitados[i]);
        -:  172:    }
        4:  173:    free(naoVisitados);
        4:  174:}
        -:  175:
       12:  176:bool trataCaminhoOrtogonal(TABELA t, int *contaRestricoes, bool *temRestricoes, bool escreve)
        -:  177:{
       12:  178:    CQUEUE queue = malloc(sizeof(struct CQueue));
       12:  179:    initQueue(queue);
        -:  180:
       12:  181:    COORDENADA inicial = devolvePrimeroNRiscado(t);
       12:  182:    if (inicial == NULL)
        -:  183:    {
    #####:  184:        free(queue->list);
    #####:  185:        free(queue);
    #####:  186:        return true;
        -:  187:    }
       12:  188:    int linhaI = inicial->l;
       12:  189:    int colunaI = inicial->c;
        -:  190:
       12:  191:    COORDENADA *primeiro = malloc(sizeof(COORDENADA)); // Array do com o primeiro elemento a queue já ter elementos antes de se chamar existeCaminhoOrtogonal
       12:  192:    primeiro[0] = inicial;
       12:  193:    insertQueue(queue, primeiro, 1);
        -:  194:
       12:  195:    int count = 0;
       12:  196:    int **visited = initVisited(t, &count);
       12:  197:    if (!existeCaminhoOrtogonal(queue, t, visited, &count))
        -:  198:    {
        4:  199:        escreveInexistenciaCaminho(temRestricoes, escreve, contaRestricoes, t, visited, colunaI, linhaI, count);
        -:  200:    }
        -:  201:
       12:  202:    free(primeiro);
       44:  203:    for (int i = 0; i < t->l; i++)
       32:  204:        free(visited[i]);
       12:  205:    free(visited);
        -:  206:
       12:  207:    free(queue->list);
       12:  208:    free(queue);
        -:  209:
       12:  210:    return true;
        -:  211:}
