        -:    0:Source:parte3/parte3.c
        -:    0:Graph:parte3/parte3.gcno
        -:    0:Data:parte3/parte3.gcda
        -:    0:Runs:1
        -:    1:#include <stdio.h>
        -:    2:#include <stdlib.h>
        -:    3:#include "../tipos.h"
        -:    4:#include "../parte2/parte2.h"
        -:    5:#include "../parte1/parte1.h"
        -:    6:#include <ctype.h>
        -:    7:#include "../colors.h"
        -:    8:
        -:    9:// Função que percorre a tabela por ordem de linhas e colunas até encontrar o primeiro elemento que não estiver riscado.
        -:   10:// Esse elemento será utilizado para o BFS e devolvido como uma coordenada.
       20:   11:COORDENADA devolvePrimeiroNRiscado(TABELA t)
        -:   12:{
       20:   13:    int i = 0;
        -:   14:    // Percorre a tabela até encontrar uma casa não riscada ('#')
       30:   15:    while (i < (t->c * t->l) && t->tabela[i / t->c][i % t->c] == '#')
       10:   16:        i++;
       20:   17:    if (i >= t->c * t->l) // Se todas as casas estão riscadas, retorna NULL
        -:   18:        return NULL;
        -:   19:
        -:   20:    // Aloca memória para a coordenada e define os valores de linha e coluna
       19:   21:    COORDENADA pos = malloc(sizeof(struct Coordenada));
       19:   22:    pos->l = i / t->c;
       19:   23:    pos->c = i % t->c;
       19:   24:    return pos;
        -:   25:}
        -:   26:
        -:   27:// Função que inicializa o array de visitados com 0, exceto nas casas riscadas (0 -> não visitado, 1 -> visitado).
        -:   28:// Também atualiza o contador `count` com o número de casas já visitadas.
       20:   29:int **initVisited(TABELA t, int *count)
        -:   30:{
       20:   31:    int **visited = malloc(sizeof(int *) * t->l); // Aloca memória para as linhas
       65:   32:    for (int i = 0; i < t->l; i++)
        -:   33:    {
       45:   34:        visited[i] = malloc(sizeof(int) * t->c); // Aloca memória para as colunas
      152:   35:        for (int j = 0; j < t->c; j++)
        -:   36:        {
      107:   37:            if (t->tabela[i][j] == '#') // Marca casas riscadas como visitadas
        -:   38:            {
       24:   39:                visited[i][j] = 1;
       24:   40:                (*count)++; // Atualiza o número de casas visitadas
        -:   41:            }
        -:   42:            else
       83:   43:                visited[i][j] = 0; // Marca casas não riscadas como não visitadas
        -:   44:        }
        -:   45:    }
       20:   46:    return visited;
        -:   47:}
        -:   48:
        -:   49:// Inicializa a fila (queue) com capacidade inicial de 3 elementos.
       20:   50:void initQueue(CQUEUE q)
        -:   51:{
       20:   52:    q->capacidade = 3;
       20:   53:    q->tamanho = 0;
       20:   54:    q->front = 0;
       20:   55:    q->list = malloc(sizeof(COORDENADA) * q->capacidade); // Aloca memória para a lista de coordenadas
       20:   56:}
        -:   57:
        -:   58:// Função responsável por inserir um array de coordenadas na fila.
        -:   59:// Expande a capacidade da fila, se necessário.
       85:   60:int insertQueue(CQUEUE q, COORDENADA *coordenadas, int coordSize)
        -:   61:{
       85:   62:    if (coordSize < 1) // Não há elementos para inserir
        -:   63:        return 1;
        -:   64:
       55:   65:    int tam = q->tamanho + coordSize;
       55:   66:    if (tam >= q->capacidade) // Expande a capacidade da fila, se necessário
        -:   67:    {
        -:   68:        int oldCapacity = q->capacidade;
        6:   69:        while (tam >= q->capacidade)
        3:   70:            q->capacidade = q->capacidade == 0 ? 1 : q->capacidade * 2; // Dobra a capacidade até ter espaço suficiente
        -:   71:
        3:   72:        COORDENADA *temp = realloc(q->list, sizeof(COORDENADA) * q->capacidade);
        3:   73:        if (temp == NULL) // Falha ao realocar memória
        -:   74:        {
        -:   75:            return 0;
        -:   76:        }
        3:   77:        q->list = temp;
        -:   78:
        -:   79:        // Ajusta os elementos da fila para manter a ordem correta
        3:   80:        int end = q->front + q->tamanho;
        3:   81:        if (end > oldCapacity)
    #####:   82:            for (int i = 0; i < end % oldCapacity; i++)
    #####:   83:                q->list[i + oldCapacity] = q->list[i];
        -:   84:    }
        -:   85:
        -:   86:    // Insere os novos elementos na fila
      125:   87:    for (int i = 0; i < coordSize; i++)
        -:   88:    {
       70:   89:        q->list[(q->front + q->tamanho) % q->capacidade] = coordenadas[i];
       70:   90:        q->tamanho++;
        -:   91:    }
        -:   92:    return 1;
        -:   93:}
        -:   94:
        -:   95:// Função que remove o elemento da frente da fila.
        -:   96:// O elemento removido é retornado por meio do ponteiro `pos`.
       70:   97:void deleteQueue(CQUEUE q, COORDENADA *pos)
        -:   98:{
       70:   99:    if (q->tamanho == 0) // Fila vazia
        -:  100:        return;
        -:  101:
        -:  102:    // Remove o elemento da frente
       70:  103:    COORDENADA temp = q->list[q->front];
       70:  104:    *pos = temp;
       70:  105:    q->list[q->front] = NULL;                  // Marca a posição como vazia
       70:  106:    q->front = (q->front + 1) % q->capacidade; // Atualiza o índice do início da fila
       70:  107:    q->tamanho--;
        -:  108:}
        -:  109:
        -:  110:// Função que, dado um array de visitados, devolve um array com as posições que não foram visitadas.
        5:  111:COORDENADA *devolveNaoVisitados(int **visited, int l, int c, int length)
        -:  112:{
        5:  113:    COORDENADA *naoVisitados = malloc(sizeof(COORDENADA) * length); // Aloca memória para o array de não visitados
        5:  114:    int cont = 0;
       17:  115:    for (int i = 0; i < l; i++)
        -:  116:    {
       42:  117:        for (int j = 0; j < c; j++)
        -:  118:        {
       30:  119:            if (visited[i][j] == 0) // Casa não visitada
        -:  120:            {
       16:  121:                COORDENADA pos = malloc(sizeof(struct Coordenada));
       16:  122:                pos->l = i;
       16:  123:                pos->c = j;
       16:  124:                naoVisitados[cont++] = pos;
        -:  125:            }
        -:  126:        }
        -:  127:    }
        5:  128:    return naoVisitados;
        -:  129:}
        -:  130:
        -:  131:// Algoritmo de busca em largura (BFS) para verificar se existe um caminho ortogonal entre todas as casas não riscadas.
       19:  132:int existeCaminhoOrtogonal(CQUEUE q, TABELA t, int **visited, int *count)
        -:  133:{
       19:  134:    int direcoes[4][2] = {
        -:  135:        {-1, 0}, // Cima
        -:  136:        {1, 0},  // Baixo
        -:  137:        {0, -1}, // Esquerda
        -:  138:        {0, 1}   // Direita
        -:  139:    };
        -:  140:
       84:  141:    while (q->tamanho > 0) // Enquanto houver elementos na fila
        -:  142:    {
       65:  143:        COORDENADA atual = NULL;
       65:  144:        deleteQueue(q, &atual); // Remove o elemento da frente da fila
        -:  145:
       65:  146:        visited[atual->l][atual->c] = 1; // Marca a casa atual como visitada
       65:  147:        (*count)++;
        -:  148:
       65:  149:        int numeroVizinhosValidos = 0;
       65:  150:        COORDENADA *vizinhos = malloc(4 * sizeof(COORDENADA)); // No máximo existem 4 vizinhos válidos
      325:  151:        for (int i = 0; i < 4; i++)
        -:  152:        {
      260:  153:            int linha = direcoes[i][0] + atual->l;
      260:  154:            int coluna = direcoes[i][1] + atual->c;
        -:  155:
      260:  156:            if (dentroDosLimites(t, linha, coluna) && visited[linha][coluna] == 0) // Verifica se o vizinho é válido
        -:  157:            {
       46:  158:                COORDENADA pos = malloc(sizeof(struct Coordenada));
       46:  159:                pos->l = linha;
       46:  160:                pos->c = coluna;
       46:  161:                vizinhos[numeroVizinhosValidos] = pos;
       46:  162:                visited[linha][coluna] = 1; // Marca o vizinho como visitado
       46:  163:                numeroVizinhosValidos++;
        -:  164:            }
        -:  165:        }
       65:  166:        insertQueue(q, vizinhos, numeroVizinhosValidos); // Insere os vizinhos na fila
       65:  167:        free(atual);
       65:  168:        free(vizinhos);
        -:  169:    }
        -:  170:
        -:  171:    // Verifica se todas as casas foram visitadas
       19:  172:    if (*count == t->c * t->l)
       15:  173:        return 1;
        -:  174:    return 0;
        -:  175:}
        -:  176:
        -:  177:// Função que escreve as restrições caso não exista um caminho ortogonal entre todas as casas não riscadas.
        4:  178:void escreveInexistenciaCaminho(bool *temRestricoes, bool escreve, int *contaRestricoes, TABELA t, int **visited, int colunaI, int linhaI, int count)
        -:  179:{
        4:  180:    *temRestricoes = true;
        4:  181:    if (escreve)
        -:  182:    {
    #####:  183:        printf("\n%s%s---- Restrição nº %d ----%s\n", HINT_COLOR, BOLD, *contaRestricoes + 1, RESET);
    #####:  184:        printf("Não existe um caminho ortogonal entre todas as casas que não estão riscadas\n");
        -:  185:    }
        4:  186:    (*contaRestricoes)++;
        4:  187:    int length = t->c * t->l - count;
        4:  188:    COORDENADA *naoVisitados = devolveNaoVisitados(visited, t->l, t->c, length);
        4:  189:    if (escreve)
    #####:  190:        printf("Por exemplo, começando da casa (%c%d) não existe um caminho ortogonal que passe nas casas:\n", colunaI + 'a', linhaI + 1);
       18:  191:    for (int i = 0; i < length; i++)
        -:  192:    {
       14:  193:        if (escreve)
    #####:  194:            printf("  - Coluna: %c, Linha: %d\n", naoVisitados[i]->c + 'a', naoVisitados[i]->l + 1);
       14:  195:        free(naoVisitados[i]);
        -:  196:    }
        4:  197:    free(naoVisitados);
        4:  198:}
        -:  199:
        -:  200:// Função principal que verifica se existe um caminho ortogonal entre todas as casas não riscadas.
        -:  201:// Caso não exista, escreve as restrições.
       18:  202:bool trataCaminhoOrtogonal(TABELA t, int *contaRestricoes, bool *temRestricoes, bool escreve)
        -:  203:{
       18:  204:    CQUEUE queue = malloc(sizeof(struct CQueue));
       18:  205:    initQueue(queue);
        -:  206:
       18:  207:    COORDENADA inicial = devolvePrimeiroNRiscado(t);
       18:  208:    if (inicial == NULL) // Se não há casas não riscadas, retorna true
        -:  209:    {
    #####:  210:        free(queue->list);
    #####:  211:        free(queue);
    #####:  212:        return true;
        -:  213:    }
        -:  214:
       18:  215:    int linhaI = inicial->l;
       18:  216:    int colunaI = inicial->c;
        -:  217:
       18:  218:    COORDENADA *primeiro = malloc(sizeof(COORDENADA)); // Adiciona a primeira coordenada à fila
       18:  219:    primeiro[0] = inicial;
       18:  220:    insertQueue(queue, primeiro, 1);
        -:  221:
       18:  222:    int count = 0;
       18:  223:    int **visited = initVisited(t, &count);
       18:  224:    if (!existeCaminhoOrtogonal(queue, t, visited, &count)) // Verifica se existe um caminho ortogonal
        -:  225:    {
        4:  226:        escreveInexistenciaCaminho(temRestricoes, escreve, contaRestricoes, t, visited, colunaI, linhaI, count);
        -:  227:    }
        -:  228:
       18:  229:    free(primeiro);
       59:  230:    for (int i = 0; i < t->l; i++)
       41:  231:        free(visited[i]);
       18:  232:    free(visited);
        -:  233:
       18:  234:    free(queue->list);
       18:  235:    free(queue);
        -:  236:
       18:  237:    return true;
        -:  238:}
